2023-10-05 12:45:46 [main] INFO  c.d.pej.back.SpringBackApplication -   - Starting SpringBackApplication using Java 20.0.2 on WKWZTTWjCzyGrAy with PID 5308 (C:\Users\satr2\OneDrive - Publicis Groupe\Materials\Project5\springblog-main\springback\build\libs\spring-back.jar started by satr2 in C:\Users\satr2\OneDrive - Publicis Groupe\Materials\Project5\springblog-main\springback\build\libs)
2023-10-05 12:45:46 [main] INFO  c.d.pej.back.SpringBackApplication -   - No active profile set, falling back to default profiles: default
2023-10-05 12:45:49 [main] INFO  o.s.b.w.e.tomcat.TomcatWebServer -   - Tomcat initialized with port(s): 8088 (http)
2023-10-05 12:45:49 [main] INFO  o.a.catalina.core.StandardService -   - Starting service [Tomcat]
2023-10-05 12:45:49 [main] INFO  o.a.catalina.core.StandardEngine -   - Starting Servlet engine: [Apache Tomcat/9.0.55]
2023-10-05 12:45:49 [main] INFO  o.a.c.c.C.[Tomcat].[localhost].[/] -   - Initializing Spring embedded WebApplicationContext
2023-10-05 12:45:49 [main] INFO  o.s.b.w.s.c.ServletWebServerApplicationContext -   - Root WebApplicationContext: initialization completed in 2902 ms
2023-10-05 12:45:51 [main] WARN  o.s.b.w.s.c.AnnotationConfigServletWebServerApplicationContext -   - Exception encountered during context initialization - cancelling refresh attempt: org.springframework.context.ApplicationContextException: Failed to start bean 'webServerStartStop'; nested exception is org.springframework.boot.web.server.PortInUseException: Port 8088 is already in use
2023-10-05 12:45:51 [main] INFO  o.a.catalina.core.StandardService -   - Stopping service [Tomcat]
2023-10-05 12:45:51 [main] INFO  o.s.b.a.l.ConditionEvaluationReportLoggingListener -   - 

Error starting ApplicationContext. To display the conditions report re-run your application with 'debug' enabled.
2023-10-05 12:45:51 [main] ERROR o.s.b.d.LoggingFailureAnalysisReporter -   - 

***************************
APPLICATION FAILED TO START
***************************

Description:

Web server failed to start. Port 8088 was already in use.

Action:

Identify and stop the process that's listening on port 8088 or configure this application to listen on another port.

2023-10-05 12:48:12 [main] INFO  c.d.pej.back.SpringBackApplication -   - Starting SpringBackApplication using Java 20.0.2 on WKWZTTWjCzyGrAy with PID 23292 (C:\Users\satr2\OneDrive - Publicis Groupe\Materials\Project5\springblog-main\springback\build\libs\spring-back.jar started by satr2 in C:\Users\satr2\OneDrive - Publicis Groupe\Materials\Project5\springblog-main\springback\build\libs)
2023-10-05 12:48:12 [main] INFO  c.d.pej.back.SpringBackApplication -   - No active profile set, falling back to default profiles: default
2023-10-05 12:48:15 [main] INFO  o.s.b.w.e.tomcat.TomcatWebServer -   - Tomcat initialized with port(s): 8088 (http)
2023-10-05 12:48:15 [main] INFO  o.a.catalina.core.StandardService -   - Starting service [Tomcat]
2023-10-05 12:48:15 [main] INFO  o.a.catalina.core.StandardEngine -   - Starting Servlet engine: [Apache Tomcat/9.0.55]
2023-10-05 12:48:15 [main] INFO  o.a.c.c.C.[Tomcat].[localhost].[/] -   - Initializing Spring embedded WebApplicationContext
2023-10-05 12:48:15 [main] INFO  o.s.b.w.s.c.ServletWebServerApplicationContext -   - Root WebApplicationContext: initialization completed in 3016 ms
2023-10-05 12:48:16 [main] INFO  o.s.b.w.e.tomcat.TomcatWebServer -   - Tomcat started on port(s): 8088 (http) with context path ''
2023-10-05 12:48:16 [main] INFO  c.d.pej.back.SpringBackApplication -   - Started SpringBackApplication in 5.981 seconds (JVM running for 7.129)
2023-10-05 12:48:16 [main] INFO  c.d.pej.back.SpringBackApplication -   - test
